# JRE version: OpenJDK Runtime Environment Temurin-17.0.7+7 (17.0.7+7) (build 17.0.7+7)
# Java VM: OpenJDK 64-Bit Server VM Temurin-17.0.7+7 (17.0.7+7, mixed mode, sharing, tiered, compressed oops, compressed class ptrs, g1 gc, windows-amd64)
GC Precious Log:
 CPUs: 16 total, 16 available
 Memory: 16307M
 Large Page Support: Disabled
 NUMA Support: Disabled
 Compressed Oops: Enabled (Zero based)
 Heap Region Size: 2M
 Heap Min Capacity: 512M
 Heap Initial Capacity: 512M
 Heap Max Capacity: 4072M
 Pre-touch: Disabled
 Parallel Workers: 13
 Concurrent Workers: 3
 Concurrent Refinement Workers: 13
 Periodic GC: Disabled
 String Deduplication is enabled
Heap:
 garbage-first heap   total 804864K, used 181025K [0x0000000701800000, 0x0000000800000000)
  region size 2048K, 5 young (10240K), 2 survivors (4096K)
 Metaspace       used 96493K, committed 97408K, reserved 1179648K
  class space    used 13602K, committed 14080K, reserved 1048576K
GC Heap History (20 events):
Event: 2524.112 GC heap before
{Heap before GC invocations=693 (full 184):
 garbage-first heap   total 804864K, used 255332K [0x0000000701800000, 0x0000000800000000)
  region size 2048K, 40 young (81920K), 1 survivors (2048K)
 Metaspace       used 96237K, committed 97088K, reserved 1179648K
  class space    used 13579K, committed 14016K, reserved 1048576K
}
Event: 2524.113 GC heap after
{Heap after GC invocations=694 (full 184):
 garbage-first heap   total 804864K, used 176020K [0x0000000701800000, 0x0000000800000000)
  region size 2048K, 2 young (4096K), 2 survivors (4096K)
 Metaspace       used 96237K, committed 97088K, reserved 1179648K
  class space    used 13579K, committed 14016K, reserved 1048576K
}
Event: 2525.050 GC heap before
{Heap before GC invocations=694 (full 184):
 garbage-first heap   total 804864K, used 253844K [0x0000000701800000, 0x0000000800000000)
  region size 2048K, 40 young (81920K), 2 survivors (4096K)
 Metaspace       used 96238K, committed 97088K, reserved 1179648K
  class space    used 13579K, committed 14016K, reserved 1048576K
}
Event: 2525.052 GC heap after
{Heap after GC invocations=695 (full 184):
 garbage-first heap   total 804864K, used 176060K [0x0000000701800000, 0x0000000800000000)
  region size 2048K, 2 young (4096K), 2 survivors (4096K)
 Metaspace       used 96238K, committed 97088K, reserved 1179648K
  class space    used 13579K, committed 14016K, reserved 1048576K
}
Event: 2525.221 GC heap before
{Heap before GC invocations=695 (full 184):
 garbage-first heap   total 804864K, used 253884K [0x0000000701800000, 0x0000000800000000)
  region size 2048K, 40 young (81920K), 2 survivors (4096K)
 Metaspace       used 96240K, committed 97088K, reserved 1179648K
  class space    used 13579K, committed 14016K, reserved 1048576K
}
Event: 2525.222 GC heap after
{Heap after GC invocations=696 (full 184):
 garbage-first heap   total 804864K, used 176053K [0x0000000701800000, 0x0000000800000000)
  region size 2048K, 2 young (4096K), 2 survivors (4096K)
 Metaspace       used 96240K, committed 97088K, reserved 1179648K
  class space    used 13579K, committed 14016K, reserved 1048576K
}
Event: 2528.699 GC heap before
{Heap before GC invocations=696 (full 184):
 garbage-first heap   total 804864K, used 253877K [0x0000000701800000, 0x0000000800000000)
  region size 2048K, 40 young (81920K), 2 survivors (4096K)
 Metaspace       used 96249K, committed 97088K, reserved 1179648K
  class space    used 13579K, committed 14016K, reserved 1048576K
}
Event: 2528.701 GC heap after
{Heap after GC invocations=697 (full 184):
 garbage-first heap   total 804864K, used 176362K [0x0000000701800000, 0x0000000800000000)
  region size 2048K, 2 young (4096K), 2 survivors (4096K)
 Metaspace       used 96249K, committed 97088K, reserved 1179648K
  class space    used 13579K, committed 14016K, reserved 1048576K
}
Event: 2528.995 GC heap before
{Heap before GC invocations=697 (full 184):
 garbage-first heap   total 804864K, used 254186K [0x0000000701800000, 0x0000000800000000)
  region size 2048K, 40 young (81920K), 2 survivors (4096K)
 Metaspace       used 96251K, committed 97088K, reserved 1179648K
  class space    used 13579K, committed 14016K, reserved 1048576K
}
Event: 2528.997 GC heap after
{Heap after GC invocations=698 (full 184):
 garbage-first heap   total 804864K, used 176449K [0x0000000701800000, 0x0000000800000000)
  region size 2048K, 2 young (4096K), 2 survivors (4096K)
 Metaspace       used 96251K, committed 97088K, reserved 1179648K
  class space    used 13579K, committed 14016K, reserved 1048576K
}
Event: 2529.356 GC heap before
{Heap before GC invocations=698 (full 184):
 garbage-first heap   total 804864K, used 254273K [0x0000000701800000, 0x0000000800000000)
  region size 2048K, 40 young (81920K), 2 survivors (4096K)
 Metaspace       used 96251K, committed 97088K, reserved 1179648K
  class space    used 13579K, committed 14016K, reserved 1048576K
}
Event: 2529.358 GC heap after
{Heap after GC invocations=699 (full 184):
 garbage-first heap   total 804864K, used 175873K [0x0000000701800000, 0x0000000800000000)
  region size 2048K, 2 young (4096K), 2 survivors (4096K)
 Metaspace       used 96251K, committed 97088K, reserved 1179648K
  class space    used 13579K, committed 14016K, reserved 1048576K
}
Event: 2530.960 GC heap before
{Heap before GC invocations=699 (full 184):
 garbage-first heap   total 804864K, used 253697K [0x0000000701800000, 0x0000000800000000)
  region size 2048K, 40 young (81920K), 2 survivors (4096K)
 Metaspace       used 96254K, committed 97088K, reserved 1179648K
  class space    used 13579K, committed 14016K, reserved 1048576K
}
Event: 2530.963 GC heap after
{Heap after GC invocations=700 (full 184):
 garbage-first heap   total 804864K, used 176473K [0x0000000701800000, 0x0000000800000000)
  region size 2048K, 2 young (4096K), 2 survivors (4096K)
 Metaspace       used 96254K, committed 97088K, reserved 1179648K
  class space    used 13579K, committed 14016K, reserved 1048576K
}
Event: 2535.729 GC heap before
{Heap before GC invocations=700 (full 184):
 garbage-first heap   total 804864K, used 254297K [0x0000000701800000, 0x0000000800000000)
  region size 2048K, 40 young (81920K), 2 survivors (4096K)
 Metaspace       used 96259K, committed 97088K, reserved 1179648K
  class space    used 13579K, committed 14016K, reserved 1048576K
}
Event: 2535.731 GC heap after
{Heap after GC invocations=701 (full 184):
 garbage-first heap   total 804864K, used 176440K [0x0000000701800000, 0x0000000800000000)
  region size 2048K, 2 young (4096K), 2 survivors (4096K)
 Metaspace       used 96259K, committed 97088K, reserved 1179648K
  class space    used 13579K, committed 14016K, reserved 1048576K
}
Event: 2540.636 GC heap before
{Heap before GC invocations=701 (full 184):
 garbage-first heap   total 804864K, used 254264K [0x0000000701800000, 0x0000000800000000)
  region size 2048K, 40 young (81920K), 2 survivors (4096K)
 Metaspace       used 96491K, committed 97408K, reserved 1179648K
  class space    used 13602K, committed 14080K, reserved 1048576K
}
Event: 2540.639 GC heap after
{Heap after GC invocations=702 (full 184):
 garbage-first heap   total 804864K, used 176946K [0x0000000701800000, 0x0000000800000000)
  region size 2048K, 2 young (4096K), 2 survivors (4096K)
 Metaspace       used 96491K, committed 97408K, reserved 1179648K
  class space    used 13602K, committed 14080K, reserved 1048576K
}
Event: 2541.112 GC heap before
{Heap before GC invocations=702 (full 184):
 garbage-first heap   total 804864K, used 254770K [0x0000000701800000, 0x0000000800000000)
  region size 2048K, 40 young (81920K), 2 survivors (4096K)
 Metaspace       used 96493K, committed 97408K, reserved 1179648K
  class space    used 13602K, committed 14080K, reserved 1048576K
}
Event: 2541.114 GC heap after
{Heap after GC invocations=703 (full 184):
 garbage-first heap   total 804864K, used 176929K [0x0000000701800000, 0x0000000800000000)
  region size 2048K, 2 young (4096K), 2 survivors (4096K)
 Metaspace       used 96493K, committed 97408K, reserved 1179648K
  class space    used 13602K, committed 14080K, reserved 1048576K
}

